[2022-04-09 14:31:07Z INFO HostContext] No proxy settings were found based on environmental variables (http_proxy/https_proxy/HTTP_PROXY/HTTPS_PROXY)
[2022-04-09 14:31:07Z INFO HostContext] Well known directory 'Bin': 'J:\chd\4thQtr2021\ipop\client-ipop\actions-runner\bin'
[2022-04-09 14:31:07Z INFO HostContext] Well known directory 'Root': 'J:\chd\4thQtr2021\ipop\client-ipop\actions-runner'
[2022-04-09 14:31:07Z INFO HostContext] Well known config file 'Credentials': 'J:\chd\4thQtr2021\ipop\client-ipop\actions-runner\.credentials'
[2022-04-09 14:31:07Z INFO HostContext] Well known directory 'Bin': 'J:\chd\4thQtr2021\ipop\client-ipop\actions-runner\bin'
[2022-04-09 14:31:07Z INFO HostContext] Well known directory 'Root': 'J:\chd\4thQtr2021\ipop\client-ipop\actions-runner'
[2022-04-09 14:31:07Z INFO HostContext] Well known config file 'Runner': 'J:\chd\4thQtr2021\ipop\client-ipop\actions-runner\.runner'
[2022-04-09 14:31:07Z INFO Listener] Runner is built for Windows (X64) - win-x64.
[2022-04-09 14:31:07Z INFO Listener] RuntimeInformation: Microsoft Windows 10.0.18362.
[2022-04-09 14:31:07Z INFO Listener] Version: 2.289.2
[2022-04-09 14:31:07Z INFO Listener] Commit: 529e404063bef464e93475d93affe93f97080dd1
[2022-04-09 14:31:07Z INFO Listener] Culture: en-IN
[2022-04-09 14:31:07Z INFO Listener] UI Culture: en-US
[2022-04-09 14:31:07Z INFO HostContext] Well known directory 'Bin': 'J:\chd\4thQtr2021\ipop\client-ipop\actions-runner\bin'
[2022-04-09 14:31:07Z INFO HostContext] Well known directory 'Root': 'J:\chd\4thQtr2021\ipop\client-ipop\actions-runner'
[2022-04-09 14:31:07Z INFO Listener] Validating directory permissions for: 'J:\chd\4thQtr2021\ipop\client-ipop\actions-runner'
[2022-04-09 14:31:07Z INFO CommandLineParser] Parse
[2022-04-09 14:31:07Z INFO CommandLineParser] Parsing 1 args
[2022-04-09 14:31:07Z INFO CommandLineParser] parsing argument
[2022-04-09 14:31:07Z INFO CommandLineParser] HasArgs: False
[2022-04-09 14:31:07Z INFO CommandLineParser] Adding Command: run
[2022-04-09 14:31:07Z INFO Listener] Arguments parsed
[2022-04-09 14:31:07Z INFO Runner] ExecuteCommand
[2022-04-09 14:31:07Z INFO ConfigurationStore] currentAssemblyLocation: J:\chd\4thQtr2021\ipop\client-ipop\actions-runner\bin\Runner.Listener.dll
[2022-04-09 14:31:07Z INFO HostContext] Well known directory 'Bin': 'J:\chd\4thQtr2021\ipop\client-ipop\actions-runner\bin'
[2022-04-09 14:31:07Z INFO ConfigurationStore] binPath: J:\chd\4thQtr2021\ipop\client-ipop\actions-runner\bin
[2022-04-09 14:31:07Z INFO HostContext] Well known directory 'Bin': 'J:\chd\4thQtr2021\ipop\client-ipop\actions-runner\bin'
[2022-04-09 14:31:07Z INFO HostContext] Well known directory 'Root': 'J:\chd\4thQtr2021\ipop\client-ipop\actions-runner'
[2022-04-09 14:31:07Z INFO ConfigurationStore] RootFolder: J:\chd\4thQtr2021\ipop\client-ipop\actions-runner
[2022-04-09 14:31:07Z INFO HostContext] Well known directory 'Bin': 'J:\chd\4thQtr2021\ipop\client-ipop\actions-runner\bin'
[2022-04-09 14:31:07Z INFO HostContext] Well known directory 'Root': 'J:\chd\4thQtr2021\ipop\client-ipop\actions-runner'
[2022-04-09 14:31:07Z INFO HostContext] Well known config file 'Runner': 'J:\chd\4thQtr2021\ipop\client-ipop\actions-runner\.runner'
[2022-04-09 14:31:07Z INFO ConfigurationStore] ConfigFilePath: J:\chd\4thQtr2021\ipop\client-ipop\actions-runner\.runner
[2022-04-09 14:31:07Z INFO HostContext] Well known directory 'Bin': 'J:\chd\4thQtr2021\ipop\client-ipop\actions-runner\bin'
[2022-04-09 14:31:07Z INFO HostContext] Well known directory 'Root': 'J:\chd\4thQtr2021\ipop\client-ipop\actions-runner'
[2022-04-09 14:31:07Z INFO HostContext] Well known config file 'Credentials': 'J:\chd\4thQtr2021\ipop\client-ipop\actions-runner\.credentials'
[2022-04-09 14:31:07Z INFO ConfigurationStore] CredFilePath: J:\chd\4thQtr2021\ipop\client-ipop\actions-runner\.credentials
[2022-04-09 14:31:07Z INFO HostContext] Well known directory 'Bin': 'J:\chd\4thQtr2021\ipop\client-ipop\actions-runner\bin'
[2022-04-09 14:31:07Z INFO HostContext] Well known directory 'Root': 'J:\chd\4thQtr2021\ipop\client-ipop\actions-runner'
[2022-04-09 14:31:07Z INFO HostContext] Well known config file 'MigratedCredentials': 'J:\chd\4thQtr2021\ipop\client-ipop\actions-runner\.credentials_migrated'
[2022-04-09 14:31:07Z INFO ConfigurationStore] MigratedCredFilePath: J:\chd\4thQtr2021\ipop\client-ipop\actions-runner\.credentials_migrated
[2022-04-09 14:31:07Z INFO HostContext] Well known directory 'Bin': 'J:\chd\4thQtr2021\ipop\client-ipop\actions-runner\bin'
[2022-04-09 14:31:07Z INFO HostContext] Well known directory 'Root': 'J:\chd\4thQtr2021\ipop\client-ipop\actions-runner'
[2022-04-09 14:31:07Z INFO HostContext] Well known config file 'Service': 'J:\chd\4thQtr2021\ipop\client-ipop\actions-runner\.service'
[2022-04-09 14:31:07Z INFO ConfigurationStore] ServiceConfigFilePath: J:\chd\4thQtr2021\ipop\client-ipop\actions-runner\.service
[2022-04-09 14:31:07Z INFO CommandSettings] Flag 'help': 'False'
[2022-04-09 14:31:07Z INFO CommandSettings] Flag 'version': 'False'
[2022-04-09 14:31:07Z INFO CommandSettings] Flag 'commit': 'False'
[2022-04-09 14:31:07Z INFO CommandSettings] Flag 'check': 'False'
[2022-04-09 14:31:07Z INFO CommandSettings] Command 'configure': 'False'
[2022-04-09 14:31:07Z INFO CommandSettings] Command 'remove': 'False'
[2022-04-09 14:31:07Z INFO CommandSettings] Command 'warmup': 'False'
[2022-04-09 14:31:07Z INFO ConfigurationManager] LoadSettings
[2022-04-09 14:31:07Z INFO ConfigurationStore] IsConfigured()
[2022-04-09 14:31:07Z INFO ConfigurationStore] IsConfigured: False
[2022-04-09 14:31:07Z INFO ConfigurationManager] Is configured: False
[2022-04-09 14:31:07Z ERR  Terminal] WRITE ERROR: An error occurred: Not configured. Run config.(sh/cmd) to configure the runner.
[2022-04-09 14:31:07Z ERR  Listener] GitHub.Runner.Common.NonRetryableException: Not configured. Run config.(sh/cmd) to configure the runner.
   at GitHub.Runner.Listener.Configuration.ConfigurationManager.LoadSettings()
   at GitHub.Runner.Listener.Runner.ExecuteCommand(CommandSettings command)
   at GitHub.Runner.Listener.Program.MainAsync(IHostContext context, String[] args)
